<?xml version="1.0" encoding="UTF-8"?>
<!-- Generated by org.testng.reporters.JUnitReportReporter -->
<testsuite hostname="LAPTOP-3RP7VB9D" failures="0" tests="1" name="streams.test1" time="0.012" errors="0" timestamp="2023-07-23T16:24:57 CST" skipped="0">
  <testcase classname="streams.test1" name="streamCollect" time="0.012"/>
  <system-out/>
</testsuite> <!-- streams.test1 -->
